\o Program:		@(#)$CDS: libManager version 32.10 11/11/2011 13:43 (cat91amd) $
\o Sub version:		sub-version  s008 
\o Arguments:		-unmapped -mpssession virtuoso55168 -mpshost eeapps06.seas.ucla.edu 
\o Working Directory:	eeapps06.seas.ucla.edu:/w/home.04/ee/ugrad/lee/ee115c/neural
\o Qt version: 		4.5.3
\o changeWorkingDir("/w/home.04/ee/ugrad/lee/ee115c/neural") unnecessary.
\o ddSetForcedLib("") unnecessary.
\o Log file is "/w/home.04/ee/ugrad/lee/ee115c/neural/libManager.log".
\o Opening libManager window.
\a nrSetWindowVisibility(cdsLibManager "show")
\o MPS service: map window
\o Library Manager customization server connected.
\a nrSetCurrentWindow(cdsLibManager)
\a nrResizeWindow(cdsLibManager list(8 167 1598 875))
\a cdsLibManager->libListBox->value = "US_8ths"
\a cdsLibManager->libListBox->value = "analogLib"
\a cdsLibManager->libListBox->value = "ahdlLib"
\a cdsLibManager->libListBox->value = "cdsDefTechLib"
\a cdsLibManager->libListBox->value = "basic"
\a cdsLibManager->libListBox->value = "functional"
\a cdsLibManager->libListBox->value = "rfExamples"
\a cdsLibManager->libListBox->value = "rfLib"
\a cdsLibManager->libLineEdit->value = "rfLib"
\a cdsLibManager->showCatsToggle->value = t
\a cdsLibManager->QToolButton7->value = t
\a cdsLibManager->showCategoriesAction->value = t
\a cdsLibManager->libCatsTreeView->value = "Everything"
\a cdsLibManager->catLineEdit->value = "Everything"
\a cdsLibManager->showFilesToggle->value = t
\a nrResizeWindow(cdsLibManager list(-275 163 1598 875))
\a nrSetWindowVisibility(cdsLibManager "hide")
\o libManager is exiting.
\a exit(0)
